<?xml version="1.0" encoding="UTF-8"?>
<coverage generated="1773187043961" clover="3.2.0">
  <project timestamp="1773187043961" name="All files">
    <metrics statements="28" coveredstatements="27" conditionals="11" coveredconditionals="9" methods="11" coveredmethods="10" elements="50" coveredelements="46" complexity="0" loc="28" ncloc="28" packages="3" files="5" classes="5"/>
    <package name="src">
      <metrics statements="10" coveredstatements="10" conditionals="4" coveredconditionals="2" methods="3" coveredmethods="3"/>
      <file name="CounterApp.tsx" path="/home/felipe/Programming/Courses/React/DevTalles/03-testing/src/CounterApp.tsx">
        <metrics statements="3" coveredstatements="3" conditionals="0" coveredconditionals="0" methods="2" coveredmethods="2"/>
        <line num="8" count="1" type="stmt"/>
        <line num="16" count="3" type="stmt"/>
        <line num="24" count="12" type="stmt"/>
      </file>
      <file name="MyHomeworkAppTwo.tsx" path="/home/felipe/Programming/Courses/React/DevTalles/03-testing/src/MyHomeworkAppTwo.tsx">
        <metrics statements="7" coveredstatements="7" conditionals="4" coveredconditionals="2" methods="1" coveredmethods="1"/>
        <line num="3" count="1" type="stmt"/>
        <line num="4" count="1" type="stmt"/>
        <line num="6" count="1" type="stmt"/>
        <line num="12" count="1" type="stmt"/>
        <line num="14" count="1" type="stmt"/>
        <line num="19" count="1" type="stmt"/>
        <line num="27" count="4" type="stmt"/>
      </file>
    </package>
    <package name="src.helpers">
      <metrics statements="8" coveredstatements="8" conditionals="0" coveredconditionals="0" methods="4" coveredmethods="4"/>
      <file name="math.helper.ts" path="/home/felipe/Programming/Courses/React/DevTalles/03-testing/src/helpers/math.helper.ts">
        <metrics statements="8" coveredstatements="8" conditionals="0" coveredconditionals="0" methods="4" coveredmethods="4"/>
        <line num="1" count="1" type="stmt"/>
        <line num="4" count="1" type="stmt"/>
        <line num="6" count="1" type="stmt"/>
        <line num="7" count="2" type="stmt"/>
        <line num="9" count="1" type="stmt"/>
        <line num="10" count="2" type="stmt"/>
        <line num="12" count="1" type="stmt"/>
        <line num="13" count="2" type="stmt"/>
      </file>
    </package>
    <package name="src.shopping-cart">
      <metrics statements="10" coveredstatements="9" conditionals="7" coveredconditionals="7" methods="4" coveredmethods="3"/>
      <file name="ItemCounter.module.css" path="/home/felipe/Programming/Courses/React/DevTalles/03-testing/src/shopping-cart/ItemCounter.module.css">
        <metrics statements="0" coveredstatements="0" conditionals="0" coveredconditionals="0" methods="0" coveredmethods="0"/>
      </file>
      <file name="ItemCounter.tsx" path="/home/felipe/Programming/Courses/React/DevTalles/03-testing/src/shopping-cart/ItemCounter.tsx">
        <metrics statements="10" coveredstatements="9" conditionals="7" coveredconditionals="7" methods="4" coveredmethods="3"/>
        <line num="12" count="12" type="cond" truecount="2" falsecount="0"/>
        <line num="13" count="2" type="stmt"/>
        <line num="17" count="9" type="stmt"/>
        <line num="23" count="9" type="stmt"/>
        <line num="24" count="1" type="stmt"/>
        <line num="26" count="9" type="stmt"/>
        <line num="27" count="2" type="cond" truecount="2" falsecount="0"/>
        <line num="29" count="1" type="stmt"/>
        <line num="32" count="9" type="stmt"/>
        <line num="53" count="0" type="stmt"/>
      </file>
    </package>
  </project>
</coverage>
