{"/home/felipe/Programming/Courses/React/DevTalles/03-testing/src/CounterApp.tsx": {"path":"/home/felipe/Programming/Courses/React/DevTalles/03-testing/src/CounterApp.tsx","statementMap":{"0":{"start":{"line":8,"column":34},"end":{"line":13,"column":null}},"1":{"start":{"line":16,"column":2},"end":{"line":25,"column":36}},"2":{"start":{"line":24,"column":46},"end":{"line":25,"column":36}}},"fnMap":{"0":{"name":"CounterApp","decl":{"start":{"line":15,"column":16},"end":{"line":15,"column":null}},"loc":{"start":{"line":15,"column":16},"end":{"line":29,"column":null}},"line":15},"1":{"name":"(anonymous_1)","decl":{"start":{"line":24,"column":23},"end":{"line":24,"column":24}},"loc":{"start":{"line":24,"column":46},"end":{"line":25,"column":36}},"line":24}},"branchMap":{},"s":{"0":1,"1":3,"2":12},"f":{"0":3,"1":12},"b":{},"meta":{"lastBranch":0,"lastFunction":2,"lastStatement":3,"seen":{"s:8:34:13:Infinity":0,"f:15:16:15:Infinity":0,"s:16:2:25:36":1,"f:24:23:24:24":1,"s:24:46:25:36":2}}}
,"/home/felipe/Programming/Courses/React/DevTalles/03-testing/src/MyHomeworkAppTwo.tsx": {"path":"/home/felipe/Programming/Courses/React/DevTalles/03-testing/src/MyHomeworkAppTwo.tsx","statementMap":{"0":{"start":{"line":3,"column":18},"end":{"line":3,"column":null}},"1":{"start":{"line":4,"column":17},"end":{"line":4,"column":null}},"2":{"start":{"line":6,"column":22},"end":{"line":10,"column":null}},"3":{"start":{"line":12,"column":17},"end":{"line":12,"column":null}},"4":{"start":{"line":14,"column":16},"end":{"line":17,"column":null}},"5":{"start":{"line":19,"column":32},"end":{"line":24,"column":null}},"6":{"start":{"line":27,"column":2},"end":{"line":48,"column":null}}},"fnMap":{"0":{"name":"MyHomeworkAppTwo","decl":{"start":{"line":26,"column":16},"end":{"line":26,"column":null}},"loc":{"start":{"line":26,"column":16},"end":{"line":52,"column":null}},"line":26}},"branchMap":{"0":{"loc":{"start":{"line":23,"column":16},"end":{"line":23,"column":null}},"type":"cond-expr","locations":[{"start":{"line":23,"column":27},"end":{"line":23,"column":32}},{"start":{"line":23,"column":32},"end":{"line":23,"column":null}}],"line":23},"1":{"loc":{"start":{"line":41,"column":13},"end":{"line":41,"column":null}},"type":"cond-expr","locations":[{"start":{"line":41,"column":24},"end":{"line":41,"column":35}},{"start":{"line":41,"column":35},"end":{"line":41,"column":null}}],"line":41}},"s":{"0":1,"1":1,"2":1,"3":1,"4":1,"5":1,"6":4},"f":{"0":4},"b":{"0":[0,1],"1":[0,4]},"meta":{"lastBranch":2,"lastFunction":1,"lastStatement":7,"seen":{"s:3:18:3:Infinity":0,"s:4:17:4:Infinity":1,"s:6:22:10:Infinity":2,"s:12:17:12:Infinity":3,"s:14:16:17:Infinity":4,"s:19:32:24:Infinity":5,"b:23:27:23:32:23:32:23:Infinity":0,"f:26:16:26:Infinity":0,"s:27:2:48:Infinity":6,"b:41:24:41:35:41:35:41:Infinity":1}}}
,"/home/felipe/Programming/Courses/React/DevTalles/03-testing/src/helpers/math.helper.ts": {"path":"/home/felipe/Programming/Courses/React/DevTalles/03-testing/src/helpers/math.helper.ts","statementMap":{"0":{"start":{"line":1,"column":19},"end":{"line":5,"column":null}},"1":{"start":{"line":4,"column":2},"end":{"line":4,"column":null}},"2":{"start":{"line":6,"column":24},"end":{"line":8,"column":null}},"3":{"start":{"line":7,"column":2},"end":{"line":7,"column":null}},"4":{"start":{"line":9,"column":24},"end":{"line":11,"column":null}},"5":{"start":{"line":10,"column":2},"end":{"line":10,"column":null}},"6":{"start":{"line":12,"column":22},"end":{"line":14,"column":null}},"7":{"start":{"line":13,"column":2},"end":{"line":13,"column":null}}},"fnMap":{"0":{"name":"(anonymous_0)","decl":{"start":{"line":1,"column":19},"end":{"line":1,"column":20}},"loc":{"start":{"line":1,"column":31},"end":{"line":5,"column":null}},"line":1},"1":{"name":"(anonymous_1)","decl":{"start":{"line":6,"column":24},"end":{"line":6,"column":25}},"loc":{"start":{"line":6,"column":36},"end":{"line":8,"column":null}},"line":6},"2":{"name":"(anonymous_2)","decl":{"start":{"line":9,"column":24},"end":{"line":9,"column":25}},"loc":{"start":{"line":9,"column":36},"end":{"line":11,"column":null}},"line":9},"3":{"name":"(anonymous_3)","decl":{"start":{"line":12,"column":22},"end":{"line":12,"column":23}},"loc":{"start":{"line":12,"column":34},"end":{"line":14,"column":null}},"line":12}},"branchMap":{},"s":{"0":1,"1":1,"2":1,"3":2,"4":1,"5":2,"6":1,"7":2},"f":{"0":1,"1":2,"2":2,"3":2},"b":{},"meta":{"lastBranch":0,"lastFunction":4,"lastStatement":8,"seen":{"s:1:19:5:Infinity":0,"f:1:19:1:20":0,"s:4:2:4:Infinity":1,"s:6:24:8:Infinity":2,"f:6:24:6:25":1,"s:7:2:7:Infinity":3,"s:9:24:11:Infinity":4,"f:9:24:9:25":2,"s:10:2:10:Infinity":5,"s:12:22:14:Infinity":6,"f:12:22:12:23":3,"s:13:2:13:Infinity":7}}}
,"/home/felipe/Programming/Courses/React/DevTalles/03-testing/src/shopping-cart/ItemCounter.module.css": {"path":"/home/felipe/Programming/Courses/React/DevTalles/03-testing/src/shopping-cart/ItemCounter.module.css","statementMap":{},"fnMap":{},"branchMap":{},"s":{},"f":{},"b":{},"meta":{"lastBranch":0,"lastFunction":0,"lastStatement":0,"seen":{}}}
,"/home/felipe/Programming/Courses/React/DevTalles/03-testing/src/shopping-cart/ItemCounter.tsx": {"path":"/home/felipe/Programming/Courses/React/DevTalles/03-testing/src/shopping-cart/ItemCounter.tsx","statementMap":{"0":{"start":{"line":12,"column":2},"end":{"line":14,"column":null}},"1":{"start":{"line":13,"column":4},"end":{"line":13,"column":null}},"2":{"start":{"line":17,"column":25},"end":{"line":17,"column":null}},"3":{"start":{"line":23,"column":20},"end":{"line":25,"column":null}},"4":{"start":{"line":24,"column":4},"end":{"line":24,"column":null}},"5":{"start":{"line":26,"column":25},"end":{"line":30,"column":null}},"6":{"start":{"line":27,"column":4},"end":{"line":27,"column":null}},"7":{"start":{"line":27,"column":21},"end":{"line":27,"column":null}},"8":{"start":{"line":29,"column":4},"end":{"line":29,"column":null}},"9":{"start":{"line":32,"column":2},"end":{"line":66,"column":null}},"10":{"start":{"line":53,"column":10},"end":{"line":53,"column":null}}},"fnMap":{"0":{"name":"ItemCounter","decl":{"start":{"line":11,"column":16},"end":{"line":11,"column":28}},"loc":{"start":{"line":11,"column":68},"end":{"line":69,"column":null}},"line":11},"1":{"name":"(anonymous_1)","decl":{"start":{"line":23,"column":20},"end":{"line":23,"column":null}},"loc":{"start":{"line":23,"column":20},"end":{"line":25,"column":null}},"line":23},"2":{"name":"(anonymous_2)","decl":{"start":{"line":26,"column":25},"end":{"line":26,"column":null}},"loc":{"start":{"line":26,"column":25},"end":{"line":30,"column":null}},"line":26},"3":{"name":"(anonymous_3)","decl":{"start":{"line":52,"column":22},"end":{"line":52,"column":null}},"loc":{"start":{"line":52,"column":22},"end":{"line":54,"column":null}},"line":52}},"branchMap":{"0":{"loc":{"start":{"line":11,"column":36},"end":{"line":11,"column":48}},"type":"default-arg","locations":[{"start":{"line":11,"column":47},"end":{"line":11,"column":48}}],"line":11},"1":{"loc":{"start":{"line":12,"column":2},"end":{"line":14,"column":null}},"type":"if","locations":[{"start":{"line":12,"column":2},"end":{"line":14,"column":null}},{"start":{},"end":{}}],"line":12},"2":{"loc":{"start":{"line":27,"column":4},"end":{"line":27,"column":null}},"type":"if","locations":[{"start":{"line":27,"column":4},"end":{"line":27,"column":null}},{"start":{},"end":{}}],"line":27},"3":{"loc":{"start":{"line":46,"column":17},"end":{"line":46,"column":null}},"type":"cond-expr","locations":[{"start":{"line":46,"column":31},"end":{"line":46,"column":39}},{"start":{"line":46,"column":39},"end":{"line":46,"column":null}}],"line":46}},"s":{"0":12,"1":2,"2":9,"3":9,"4":1,"5":9,"6":2,"7":1,"8":1,"9":9,"10":0},"f":{"0":12,"1":1,"2":2,"3":0},"b":{"0":[12],"1":[2,10],"2":[1,1],"3":[4,5]},"meta":{"lastBranch":4,"lastFunction":4,"lastStatement":11,"seen":{"f:11:16:11:28":0,"b:11:47:11:48":0,"b:12:2:14:Infinity:undefined:undefined:undefined:undefined":1,"s:12:2:14:Infinity":0,"s:13:4:13:Infinity":1,"s:17:25:17:Infinity":2,"s:23:20:25:Infinity":3,"f:23:20:23:Infinity":1,"s:24:4:24:Infinity":4,"s:26:25:30:Infinity":5,"f:26:25:26:Infinity":2,"b:27:4:27:Infinity:undefined:undefined:undefined:undefined":2,"s:27:4:27:Infinity":6,"s:27:21:27:Infinity":7,"s:29:4:29:Infinity":8,"s:32:2:66:Infinity":9,"b:46:31:46:39:46:39:46:Infinity":3,"f:52:22:52:Infinity":3,"s:53:10:53:Infinity":10}}}
}
